<?xml version="1.0" encoding="UTF-8"?>
<testng-results ignored="0" total="1" passed="1" failed="0" skipped="0">
  <reporter-output>
  </reporter-output>
  <suite started-at="2023-07-06T10:37:53 IST" name="Default suite" finished-at="2023-07-06T10:37:59 IST" duration-ms="6183">
    <groups>
    </groups>
    <test started-at="2023-07-06T10:37:53 IST" name="Default test" finished-at="2023-07-06T10:37:59 IST" duration-ms="6183">
      <class name="practiceMavenNew.YoutubeTest">
        <test-method signature="m1()[pri:0, instance:practiceMavenNew.YoutubeTest@6f96c77]" started-at="2023-07-06T10:37:53 IST" name="m1" finished-at="2023-07-06T10:37:59 IST" duration-ms="6153" status="PASS">
          <reporter-output>
          </reporter-output>
        </test-method> <!-- m1 -->
      </class> <!-- practiceMavenNew.YoutubeTest -->
    </test> <!-- Default test -->
  </suite> <!-- Default suite -->
</testng-results>
